2019-04-17T12:55:02 <log> Initializing new module helper ... (/home/pi/MagicMirror/modules/node_modules/node_helper/index.js:14 Class.init)
2019-04-17T12:55:03 <log> Module helper loaded: MMM-Logging (/home/pi/MagicMirror/modules/node_modules/node_helper/index.js:18 Class.loaded)
2019-04-17T12:55:03 <log> No helper found for module: alert. (/home/pi/MagicMirror/js/app.js:122 loadModule)
2019-04-17T12:55:03 <log> Initializing new module helper ... (/home/pi/MagicMirror/modules/node_modules/node_helper/index.js:14 Class.init)
2019-04-17T12:55:03 <log> Module helper loaded: updatenotification (/home/pi/MagicMirror/modules/node_modules/node_helper/index.js:18 Class.loaded)
2019-04-17T12:55:03 <log> No helper found for module: clock. (/home/pi/MagicMirror/js/app.js:122 loadModule)
2019-04-17T12:55:03 <log> Initializing new module helper ... (/home/pi/MagicMirror/modules/node_modules/node_helper/index.js:14 Class.init)
2019-04-17T12:55:03 <log> Module helper loaded: MMM-ChangeConfig (/home/pi/MagicMirror/modules/node_modules/node_helper/index.js:18 Class.loaded)
2019-04-17T12:55:04 <log> Initializing new module helper ... (/home/pi/MagicMirror/modules/node_modules/node_helper/index.js:14 Class.init)
2019-04-17T12:55:04 <log> Module helper loaded: calendar (/home/pi/MagicMirror/modules/node_modules/node_helper/index.js:18 Class.loaded)
2019-04-17T12:55:04 <log> Initializing new module helper ... (/home/pi/MagicMirror/modules/node_modules/node_helper/index.js:14 Class.init)
2019-04-17T12:55:04 <log> Module helper loaded: MMM-Remote-Control (/home/pi/MagicMirror/modules/node_modules/node_helper/index.js:18 Class.loaded)
2019-04-17T12:55:04 <log> No helper found for module: compliments. (/home/pi/MagicMirror/js/app.js:122 loadModule)
2019-04-17T12:55:04 <log> No helper found for module: currentweather. (/home/pi/MagicMirror/js/app.js:122 loadModule)
2019-04-17T12:55:04 <log> Initializing new module helper ... (/home/pi/MagicMirror/modules/node_modules/node_helper/index.js:14 Class.init)
2019-04-17T12:55:04 <log> Module helper loaded: MMM-temp-ds18b20 (/home/pi/MagicMirror/modules/node_modules/node_helper/index.js:18 Class.loaded)
2019-04-17T12:55:04 <log> No helper found for module: MMM-ProfileSwitcher. (/home/pi/MagicMirror/js/app.js:122 loadModule)
2019-04-17T12:55:04 <log> No helper found for module: MMM-Dynamic-Modules. (/home/pi/MagicMirror/js/app.js:122 loadModule)
2019-04-17T12:55:04 <log> Initializing new module helper ... (/home/pi/MagicMirror/modules/node_modules/node_helper/index.js:14 Class.init)
2019-04-17T12:55:04 <log> Module helper loaded: MMM-Strava (/home/pi/MagicMirror/modules/node_modules/node_helper/index.js:18 Class.loaded)
2019-04-17T12:55:04 <log> Initializing new module helper ... (/home/pi/MagicMirror/modules/node_modules/node_helper/index.js:14 Class.init)
2019-04-17T12:55:04 <log> Module helper loaded: MMM-fitbit (/home/pi/MagicMirror/modules/node_modules/node_helper/index.js:18 Class.loaded)
2019-04-17T12:55:04 <log> Initializing new module helper ... (/home/pi/MagicMirror/modules/node_modules/node_helper/index.js:14 Class.init)
2019-04-17T12:55:04 <log> Module helper loaded: MMM-GoogleFit (/home/pi/MagicMirror/modules/node_modules/node_helper/index.js:18 Class.loaded)
2019-04-17T12:55:04 <log> Initializing new module helper ... (/home/pi/MagicMirror/modules/node_modules/node_helper/index.js:14 Class.init)
2019-04-17T12:55:04 <log> Module helper loaded: newsfeed (/home/pi/MagicMirror/modules/node_modules/node_helper/index.js:18 Class.loaded)
2019-04-17T12:55:05 <log> Initializing new module helper ... (/home/pi/MagicMirror/modules/node_modules/node_helper/index.js:14 Class.init)
2019-04-17T12:55:05 <log> Module helper loaded: MMM-Screencast (/home/pi/MagicMirror/modules/node_modules/node_helper/index.js:18 Class.loaded)
2019-04-17T12:55:05 <log> All module helpers loaded. (/home/pi/MagicMirror/js/app.js:166 loadNextModule)
2019-04-17T12:55:05 <log> Server started ... (/home/pi/MagicMirror/js/app.js:219 )
2019-04-17T12:55:05 <log> Connecting socket for: MMM-Logging (/home/pi/MagicMirror/modules/node_modules/node_helper/index.js:97 Class.setSocketIO)
2019-04-17T12:55:05 <log> Module helper started for MMM-Logging (/home/pi/MagicMirror/modules/MMM-Logging/node_helper.js:19 Class.start)
2019-04-17T12:55:05 <log> Connecting socket for: updatenotification (/home/pi/MagicMirror/modules/node_modules/node_helper/index.js:97 Class.setSocketIO)
2019-04-17T12:55:05 <log> Connecting socket for: MMM-ChangeConfig (/home/pi/MagicMirror/modules/node_modules/node_helper/index.js:97 Class.setSocketIO)
2019-04-17T12:55:05 <log> Starting node helper for: MMM-ChangeConfig (/home/pi/MagicMirror/modules/MMM-ChangeConfig/node_helper.js:21 Class.start)
2019-04-17T12:55:05 <log> Connecting socket for: calendar (/home/pi/MagicMirror/modules/node_modules/node_helper/index.js:97 Class.setSocketIO)
2019-04-17T12:55:05 <log> Starting node helper for: calendar (/home/pi/MagicMirror/modules/default/calendar/node_helper.js:19 Class.start)
2019-04-17T12:55:05 <log> Connecting socket for: MMM-Remote-Control (/home/pi/MagicMirror/modules/node_modules/node_helper/index.js:97 Class.setSocketIO)
2019-04-17T12:55:05 <log> Starting node helper for: MMM-Remote-Control (/home/pi/MagicMirror/modules/MMM-Remote-Control/node_helper.js:36 Class.start)
2019-04-17T12:55:05 <log> Connecting socket for: MMM-temp-ds18b20 (/home/pi/MagicMirror/modules/node_modules/node_helper/index.js:97 Class.setSocketIO)
2019-04-17T12:55:05 <log> Connecting socket for: MMM-Strava (/home/pi/MagicMirror/modules/node_modules/node_helper/index.js:97 Class.setSocketIO)
2019-04-17T12:55:05 <log> Starting module: MMM-Strava (/home/pi/MagicMirror/modules/MMM-Strava/node_helper.js:17 Class.start)
2019-04-17T12:55:05 <log> Connecting socket for: MMM-fitbit (/home/pi/MagicMirror/modules/node_modules/node_helper/index.js:97 Class.setSocketIO)
2019-04-17T12:55:05 <log> Starting module helper: MMM-fitbit (/home/pi/MagicMirror/modules/node_modules/node_helper/index.js:23 Class.start)
2019-04-17T12:55:05 <log> Connecting socket for: MMM-GoogleFit (/home/pi/MagicMirror/modules/node_modules/node_helper/index.js:97 Class.setSocketIO)
2019-04-17T12:55:05 <log> MMM-GoogleFit helper started... (/home/pi/MagicMirror/modules/MMM-GoogleFit/node_helper.js:23 Class.start)
2019-04-17T12:55:05 <log> Connecting socket for: newsfeed (/home/pi/MagicMirror/modules/node_modules/node_helper/index.js:97 Class.setSocketIO)
2019-04-17T12:55:05 <log> Starting module: newsfeed (/home/pi/MagicMirror/modules/default/newsfeed/node_helper.js:15 Class.start)
2019-04-17T12:55:05 <log> Connecting socket for: MMM-Screencast (/home/pi/MagicMirror/modules/node_modules/node_helper/index.js:97 Class.setSocketIO)
2019-04-17T12:55:05 <log> Sockets connected & modules started ... (/home/pi/MagicMirror/js/app.js:228 )
2019-04-17T12:55:06 <log> Launching application. (/home/pi/MagicMirror/js/electron.js:82 App.<anonymous>)
2019-04-17T12:55:11 <log>  payload: undefined (/home/pi/MagicMirror/modules/MMM-Logging/node_helper.js:34 Class.socketNotificationReceived)
2019-04-17T12:55:11 <log>  payload: undefined (/home/pi/MagicMirror/modules/MMM-Logging/node_helper.js:34 Class.socketNotificationReceived)
2019-04-17T12:55:11 <log>  payload: undefined (/home/pi/MagicMirror/modules/MMM-Logging/node_helper.js:34 Class.socketNotificationReceived)
2019-04-17T12:55:11 <log> Create new calendar fetcher for url: https://calendar.google.com/calendar/ical/lorenzfleerackers%40gmail.com/private-804f140cdcb63b489288776dffab0456/basic.ics - Interval: 300000 (/home/pi/MagicMirror/modules/default/calendar/node_helper.js:49 Class.createFetcher)
2019-04-17T12:55:11 <log> MMM-Strava: Make request: /api/v3/athletes/40549928/stats (GET) (/home/pi/MagicMirror/modules/MMM-Strava/StravaAPI.js:29 makeRequest)
2019-04-17T12:55:11 <log> Set credential request recieved. (/home/pi/MagicMirror/modules/MMM-fitbit/node_helper.js:16 Class.socketNotificationReceived)
2019-04-17T12:55:11 <log> { client_id: '22DLQL',
2019-04-17T12:55:11 <log> Initial run request recieved. (/home/pi/MagicMirror/modules/MMM-fitbit/node_helper.js:21 Class.socketNotificationReceived)
2019-04-17T12:55:11 <l