
> magicmirror@2.6.0 start /home/pi/MagicMirror
> sh run-start.sh

Starting MagicMirror: v2.6.0
Loading config ...
Loading module helpers ...
2019-04-17T13:39:51 <log> Initializing new module helper ... (/home/pi/MagicMirror/modules/node_modules/node_helper/index.js:14 Class.init)
2019-04-17T13:39:51 <log> Module helper loaded: MMM-Logging (/home/pi/MagicMirror/modules/node_modules/node_helper/index.js:18 Class.loaded)
2019-04-17T13:39:51 <log> No helper found for module: alert. (/home/pi/MagicMirror/js/app.js:122 loadModule)
2019-04-17T13:39:51 <log> Initializing new module helper ... (/home/pi/MagicMirror/modules/node_modules/node_helper/index.js:14 Class.init)
2019-04-17T13:39:51 <log> Module helper loaded: updatenotification (/home/pi/MagicMirror/modules/node_modules/node_helper/index.js:18 Class.loaded)
2019-04-17T13:39:51 <log> No helper found for module: clock. (/home/pi/MagicMirror/js/app.js:122 loadModule)
2019-04-17T13:39:51 <log> Initializing new module helper ... (/home/pi/MagicMirror/modules/node_modules/node_helper/index.js:14 Class.init)
2019-04-17T13:39:51 <log> Module helper loaded: MMM-ChangeConfig (/home/pi/MagicMirror/modules/node_modules/node_helper/index.js:18 Class.loaded)
2019-04-17T13:39:52 <log> Initializing new module helper ... (/home/pi/MagicMirror/modules/node_modules/node_helper/index.js:14 Class.init)
2019-04-17T13:39:52 <log> Module helper loaded: calendar (/home/pi/MagicMirror/modules/node_modules/node_helper/index.js:18 Class.loaded)
2019-04-17T13:39:52 <log> Initializing new module helper ... (/home/pi/MagicMirror/modules/node_modules/node_helper/index.js:14 Class.init)
2019-04-17T13:39:52 <log> Module helper loaded: MMM-Remote-Control (/home/pi/MagicMirror/modules/node_modules/node_helper/index.js:18 Class.loaded)
2019-04-17T13:39:52 <log> No helper found for module: compliments. (/home/pi/MagicMirror/js/app.js:122 loadModule)
2019-04-17T13:39:52 <log> No helper found for module: currentweather. (/home/pi/MagicMirror/js/app.js:122 loadModule)
2019-04-17T13:39:52 <log> Initializing new module helper ... (/home/pi/MagicMirror/modules/node_modules/node_helper/index.js:14 Class.init)
2019-04-17T13:39:52 <log> Module helper loaded: MMM-temp-ds18b20 (/home/pi/MagicMirror/modules/node_modules/node_helper/index.js:18 Class.loaded)
2019-04-17T13:39:52 <log> No helper found for module: MMM-ProfileSwitcher. (/home/pi/MagicMirror/js/app.js:122 loadModule)
2019-04-17T13:39:52 <log> No helper found for module: MMM-Dynamic-Modules. (/home/pi/MagicMirror/js/app.js:122 loadModule)
2019-04-17T13:39:52 <log> Initializing new module helper ... (/home/pi/MagicMirror/modules/node_modules/node_helper/index.js:14 Class.init)
2019-04-17T13:39:52 <log> Module helper loaded: MMM-Strava (/home/pi/MagicMirror/modules/node_modules/node_helper/index.js:18 Class.loaded)
2019-04-17T13:39:52 <log> Initializing new module helper ... (/home/pi/MagicMirror/modules/node_modules/node_helper/index.js:14 Class.init)
2019-04-17T13:39:52 <log> Module helper loaded: MMM-fitbit (/home/pi/MagicMirror/modules/node_modules/node_helper/index.js:18 Class.loaded)
2019-04-17T13:39:52 <log> Initializing new module helper ... (/home/pi/MagicMirror/modules/node_modules/node_helper/index.js:14 Class.init)
2019-04-17T13:39:52 <log> Module helper loaded: MMM-GoogleFit (/home/pi/MagicMirror/modules/node_modules/node_helper/index.js:18 Class.loaded)
2019-04-17T13:39:52 <log> Initializing new module helper ... (/home/pi/MagicMirror/modules/node_modules/node_helper/index.js:14 Class.init)
2019-04-17T13:39:52 <log> Module helper loaded: newsfeed (/home/pi/MagicMirror/modules/node_modules/node_helper/index.js:18 Class.loaded)
2019-04-17T13:39:53 <log> Initializing new module helper ... (/home/pi/MagicMirror/modules/node_modules/node_helper/index.js:14 Class.init)
2019-04-17T13:39:53 <log> Module helper loaded: MMM-Screencast (/home/pi/MagicMirror/modules/node_modules/node_helper/index.js:18 Class.loaded)
2019-04-17T13:39:53 <log> All module helpers loaded. (/home/pi/MagicMirror/js/app.js:166 loadNextModule)
2019-04-17T13:39:53 <info> Starting server on port 8080 ...  (/home/pi/MagicMirror/js/server.js:23 new Server)
2019-04-17T13:39:53 <info> You're using a full whitelist configuration to allow for all IPs (/home/pi/MagicMirror/js/server.js:26 new Server)
2019-04-17T13:39:53 <log> Server started ... (/home/pi/MagicMirror/js/app.js:219 )
2019-04-17T13:39:53 <log> Connecting socket for: MMM-Logging (/home/pi/MagicMirror/modules/node_modules/node_helper/index.js:97 Class.setSocketIO)
2019-04-17T13:39:53 <log> Module helper started for MMM-Logging (/home/pi/MagicMirror/modules/MMM-Logging/node_helper.js:19 Class.start)
2019-04-17T13:39:53 <log> Connecting socket for: updatenotification (/home/pi/MagicMirror/modules/node_modules/node_helper/index.js:97 Class.setSocketIO)
2019-04-17T13:39:53 <log> Connecting socket for: MMM-ChangeConfig (/home/pi/MagicMirror/modules/node_modules/node_helper/index.js:97 Class.setSocketIO)
2019-04-17T13:39:53 <log> Starting node helper for: MMM-ChangeConfig (/home/pi/MagicMirror/modules/MMM-ChangeConfig/node_helper.js:21 Class.start)
2019-04-17T13:39:53 <log> Connecting socket for: calendar (/home/pi/MagicMirror/modules/node_modules/node_helper/index.js:97 Class.setSocketIO)
2019-04-17T13:39:53 <log> Starting node helper for: calendar (/home/pi/MagicMirror/modules/default/calendar/node_helper.js:19 Class.start)
2019-04-17T13:39:53 <log> Connecting socket for: MMM-Remote-Control (/home/pi/MagicMirror/modules/node_modules/node_helper/index.js:97 Class.setSocketIO)
2019-04-17T13:39:53 <log> Starting node helper for: MMM-Remote-Control (/home/pi/MagicMirror/modules/MMM-Remote-Control/node_helper.js:36 Class.start)
2019-04-17T13:39:53 <log> Connecting socket for: MMM-temp-ds18b20 (/home/pi/MagicMirror/modules/node_modules/node_helper/index.js:97 Class.setSocketIO)
2019-04-17T13:39:53 <log> Connecting socket for: MMM-Strava (/home/pi/MagicMirror/modules/node_modules/node_helper/index.js:97 Class.setSocketIO)
2019-04-17T13:39:53 <log> Starting module: MMM-Strava (/home/pi/MagicMirror/modules/MMM-Strava/node_helper.js:17 Class.start)
2019-04-17T13:39:54 <log> Connecting socket for: MMM-fitbit (/home/pi/MagicMirror/modules/node_modules/node_helper/index.js:97 Class.setSocketIO)
2019-04-17T13:39:54 <log> Starting module helper: MMM-fitbit (/home/pi/MagicMirror/modules/node_modules/node_helper/index.js:23 Class.start)
2019-04-17T13:39:54 <log> Connecting socket for: MMM-GoogleFit (/home/pi/MagicMirror/modules/node_modules/node_helper/index.js:97 Class.setSocketIO)
2019-04-17T13:39:54 <log> MMM-GoogleFit helper started... (/home/pi/MagicMirror/modules/MMM-GoogleFit/node_helper.js:23 Class.start)
2019-04-17T13:39:54 <log> Connecting socket for: newsfeed (/home/pi/MagicMirror/modules/node_modules/node_helper/index.js:97 Class.setSocketIO)
2019-04-17T13:39:54 <log> Starting module: newsfeed (/home/pi/MagicMirror/modules/default/newsfeed/node_helper.js:15 Class.start)
2019-04-17T13:39:54 <log> Connecting socket for: MMM-Screencast (/home/pi/MagicMirror/modules/node_modules/node_helper/index.js:97 Class.setSocketIO)
2019-04-17T13:39:54 <log> Sockets connected & modules started ... (/home/pi/MagicMirror/js/app.js:228 )
2019-04-17T13:39:54 <log> Launching application. (/home/pi/MagicMirror/js/electron.js:82 App.<anonymous>)
[32m2019-04-17T13:39:59 <info> MMM-Logging updated config received, reloading console (/home/pi/MagicMirror/modules/MMM-Logging/node_helper.js:30 Class.socketNotificationReceived)[39m
2019-04-17T13:39:59 <log>  payload: undefined (/home/pi/MagicMirror/modules/MMM-Logging/node_helper.js:34 Class.socketNotificationReceived)
2019-04-17T13:39:59 <log>  payload: undefined (/home/pi/MagicMirror/modules/MMM-Logging/node_helper.js:34 Class.socketNotificationReceived)
2019-04-17T13:39:59 <log>  payload: undefined (/home/pi/MagicMirror/modules/MMM-Logging/node_helper.js:34 Class.socketNotificationReceived)
2019-04-17T13:39:59 <log> Create new calendar fetcher for url: https://calendar.google.com/calendar/ical/lorenzfleerackers%40gmail.com/private-804f140cdcb63b489288776dffab0456/basic.ics - Interval: 300000 (/home/pi/MagicMirror/modules/default/calendar/node_helper.js:49 Class.createFetcher)
2019-04-17T13:39:59 <log> MMM-Strava: Make request: /api/v3/athletes/40549928/stats (GET) (/home/pi/MagicMirror/modules/MMM-Strava/StravaAPI.js:29 makeRequest)
2019-04-17T13:39:59 <log> Set credential request recieved. (/home/pi/MagicMirror/modules/MMM-fitbit/node_helper.js:16 Class.socketNotificationReceived)
2019-04-17T13:39:59 <log> { client_id: '22DLQL',
  client_secret: '7ac664fc4fcf9e0158a79ab8280fbe3a' } (/home/pi/MagicMirror/modules/MMM-fitbit/node_helper.js:17 Class.socketNotificationReceived)
2019-04-17T13:39:59 <log> Initial run request recieved. (/home/pi/MagicMirror/modules/MMM-fitbit/node_helper.js:21 Class.socketNotificationReceived)
2019-04-17T13:39:59 <log> Running getData.py (/home/pi/MagicMirror/modules/MMM-fitbit/node_helper.js:42 Class.getData)
2019-04-17T13:39:59 <log> Create new news fetcher for url: http://www.nytimes.com/services/xml/rss/nyt/HomePage.xml - Interval: 300000 (/home/pi/MagicMirror/modules/default/newsfeed/node_helper.js:48 Class.createFetcher)
2019-04-17T13:40:00 <log> DIAL Server is running on PORT 8569 (/home/pi/MagicMirror/modules/MMM-Screencast/DialServer.js:105 Server.<anonymous>)
2019-04-17T13:40:00 <log>  payload: undefined (/home/pi/MagicMirror/modules/MMM-Logging/node_helper.js:34 Class.socketNotificationReceived)
2019-04-17T13:40:00 <log> results: [{"message":"credentials.ini exists","type":"status"},{"message":"Writing credentials to credentials.ini","type":"status"},{"message":"Writing id: 22DLQL and secret: 7ac664fc4fcf9e0158a79ab8280fbe3a","type":"status"},{"message":"Credentials write successful","type":"status"}] (/home/pi/MagicMirror/modules/MMM-fitbit/node_helper.js:35 )
2019-04-17T13:40:01 <log> MMM-Strava: Error performing request (401) (/home/pi/MagicMirror/modules/MMM-Strava/StravaAPI.js:49 IncomingMessage.<anonymous>)
2019-04-17T13:40:01 <log> MMM-Strava: Authorization Error: access_token invalid for Athlete (/home/pi/MagicMirror/modules/MMM-Strava/StravaAPI.js:53 IncomingMessage.<anonymous>)
2019-04-17T13:40:01 <log> MMM-Strava: Error while fetching new athlete stats. (/home/pi/MagicMirror/modules/MMM-Strava/StravaAPI.js:113 Object.callback)
2019-04-17T13:40:03 <log> Finished getting data (/home/pi/MagicMirror/modules/MMM-fitbit/node_helper.js:54 PythonShell._endCallback)
2019-04-17T13:40:59 <log> Initial run request recieved. (/home/pi/MagicMirror/modules/MMM-fitbit/node_helper.js:21 Class.socketNotificationReceived)
2019-04-17T13:40:59 <log> Running getData.py (/home/pi/MagicMirror/modules/MMM-fitbit/node_helper.js:42 Class.getData)
2019-04-17T13:41:01 <log> Finished getting data (/home/pi/MagicMirror/modules/MMM-fitbit/node_helper.js:54 PythonShell._endCallback)
2019-04-17T13:41:59 <log> Initial run request recieved. (/home/pi/MagicMirror/modules/MMM-fitbit/node_helper.js:21 Class.socketNotificationReceived)
2019-04-17T13:41:59 <log> Running getData.py (/home/pi/MagicMirror/modules/MMM-fitbit/node_helper.js:42 Class.getData)
2019-04-17T13:42:02 <log> Finished getting data (/home/pi/MagicMirror/modules/MMM-fitbit/node_helper.js:54 PythonShell._endCallback)
2019-04-17T13:42:59 <log> Initial run request recieved. (/home/pi/MagicMirror/modules/MMM-fitbit/node_helper.js:21 Class.socketNotificationReceived)
2019-04-17T13:42:59 <log> Running getData.py (/home/pi/MagicMirror/modules/MMM-fitbit/node_helper.js:42 Class.getData)
2019-04-17T13:43:01 <log> Finished getting data (/home/pi/MagicMirror/modules/MMM-fitbit/node_helper.js:54 PythonShell._endCallback)
2019-04-17T13:43:59 <log> Initial run request recieved. (/home/pi/MagicMirror/modules/MMM-fitbit/node_helper.js:21 Class.socketNotificationReceived)
2019-04-17T13:43:59 <log> Running getData.py (/home/pi/MagicMirror/modules/MMM-fitbit/node_helper.js:42 Class.getData)
2019-04-17T13:44:01 <log> Finished getting data (/home/pi/MagicMirror/modules/MMM-fitbit/node_helper.js:54 PythonShell._endCallback)
2019-04-17T13:44:59 <log> Initial run request recieved. (/home/pi/MagicMirror/modules/MMM-fitbit/node_helper.js:21 Class.socketNotificationReceived)
2019-04-17T13:44:59 <log> Running getData.py (/home/pi/MagicMirror/modules/MMM-fitbit/node_helper.js:42 Class.getData)
2019-04-17T13:45:01 <log> MMM-Strava: Make request: /api/v3/athletes/40549928/stats (GET) (/home/pi/MagicMirror/modules/MMM-Strava/StravaAPI.js:29 makeRequest)
2019-04-17T13:45:02 <log> Finished getting data (/home/pi/MagicMirror/modules/MMM-fitbit/node_helper.js:54 PythonShell._endCallback)
2019-04-17T13:45:02 <log> MMM-Strava: Error performing request (401) (/home/pi/MagicMirror/modules/MMM-Strava/StravaAPI.js:49 IncomingMessage.<anonymous>)
2019-04-17T13:45:02 <log> MMM-Strava: Authorization Error: access_token invalid for Athlete (/home/pi/MagicMirror/modules/MMM-Strava/StravaAPI.js:53 IncomingMessage.<anonymous>)
2019-04-17T13:45:02 <log> MMM-Strava: Error while fetching new athlete stats. (/home/pi/MagicMirror/modules/MMM-Strava/StravaAPI.js:113 Object.callback)

> magicmirror@2.6.0 start /home/pi/MagicMirror
> sh run-start.sh

Starting MagicMirror: v2.6.0
Loading config ...
Loading module helpers ...
2019-04-17T13:46:56 <log> Initializing new module helper ... (/home/pi/MagicMirror/modules/node_modules/node_helper/index.js:14 Class.init)
2019-04-17T13:46:56 <log> Module helper loaded: MMM-Logging (/home/pi/MagicMirror/modules/node_modules/node_helper/index.js:18 Class.loaded)
2019-04-17T13:46:56 <log> No helper found for module: alert. (/home/pi/MagicMirror/js/app.js:122 loadModule)
2019-04-17T13:46:57 <log> Initializing new module helper ... (/home/pi/MagicMirror/modules/node_modules/node_helper/index.js:14 Class.init)
2019-04-17T13:46:57 <log> Module helper loaded: updatenotification (/home/pi/MagicMirror/modules/node_modules/node_helper/index.js:18 Class.loaded)
2019-04-17T13:46:57 <log> No helper found for module: clock. (/home/pi/MagicMirror/js/app.js:122 loadModule)
2019-04-17T13:46:57 <log> Initializing new module helper ... (/home/pi/MagicMirror/modules/node_modules/node_helper/index.js:14 Class.init)
2019-04-17T13:46:57 <log> Module helper loaded: MMM-ChangeConfig (/home/pi/MagicMirror/modules/node_modules/node_helper/index.js:18 Class.loaded)
2019-04-17T13:46:58 <log> Initializing new module helper ... (/home/pi/MagicMirror/modules/node_modules/node_helper/index.js:14 Class.init)
2019-04-17T13:46:58 <log> Module helper loaded: calendar (/home/pi/MagicMirror/modules/node_modules/node_helper/index.js:18 Class.loaded)
2019-04-17T13:46:58 <log> Initializing new module helper ... (/home/pi/MagicMirror/modules/node_modules/node_helper/index.js:14 Class.init)
2019-04-17T13:46:58 <log> Module helper loaded: MMM-Remote-Control (/home/pi/MagicMirror/modules/node_modules/node_helper/index.js:18 Class.loaded)
2019-04-17T13:46:58 <log> No helper found for module: compliments. (/home/pi/MagicMirror/js/app.js:122 loadModule)
2019-04-17T13:46:58 <log> No helper found for module: currentweather. (/home/pi/MagicMirror/js/app.js:122 loadModule)
2019-04-17T13:46:58 <log> Initializing new module helper ... (/home/pi/MagicMirror/modules/node_modules/node_helper/index.js:14 Class.init)
2019-04-17T13:46:58 <log> Module helper loaded: MMM-temp-ds18b20 (/home/pi/MagicMirror/modules/node_modules/node_helper/index.js:18 Class.loaded)
2019-04-17T13:46:58 <log> No helper found for module: MMM-ProfileSwitcher. (/home/pi/MagicMirror/js/app.js:122 loadModule)
2019-04-17T13:46:58 <log> No helper found for module: MMM-Dynamic-Modules. (/home/pi/MagicMirror/js/app.js:122 loadModule)
2019-04-17T13:46:58 <log> Initializing new module helper ... (/home/pi/MagicMirror/modules/node_modules/node_helper/index.js:14 Class.init)
2019-04-17T13:46:58 <log> Module helper loaded: MMM-Strava (/home/pi/MagicMirror/modules/node_modules/node_helper/index.js:18 Class.loaded)
2019-04-17T13:46:58 <log> Initializing new module helper ... (/home/pi/MagicMirror/modules/node_modules/node_helper/index.js:14 Class.init)
2019-04-17T13:46:58 <log> Module helper loaded: MMM-fitbit (/home/pi/MagicMirror/modules/node_modules/node_helper/index.js:18 Class.loaded)
2019-04-17T13:46:58 <log> Initializing new module helper ... (/home/pi/MagicMirror/modules/node_modules/node_helper/index.js:14 Class.init)
2019-04-17T13:46:58 <log> Module helper loaded: MMM-GoogleFit (/home/pi/MagicMirror/modules/node_modules/node_helper/index.js:18 Class.loaded)
2019-04-17T13:46:58 <log> Initializing new module helper ... (/home/pi/MagicMirror/modules/node_modules/node_helper/index.js:14 Class.init)
2019-04-17T13:46:58 <log> Module helper loaded: newsfeed (/home/pi/MagicMirror/modules/node_modules/node_helper/index.js:18 Class.loaded)
2019-04-17T13:46:59 <log> Initializing new module helper ... (/home/pi/MagicMirror/modules/node_modules/node_helper/index.js:14 Class.init)
2019-04-17T13:46:59 <log> Module helper loaded: MMM-Screencast (/home/pi/MagicMirror/modules/node_modules/node_helper/index.js:18 Class.loaded)
2019-04-17T13:46:59 <log> All module helpers loaded. (/home/pi/MagicMirror/js/app.js:166 loadNextModule)
2019-04-17T13:46:59 <info> Starting server on port 8080 ...  (/home/pi/MagicMirror/js/server.js:23 new Server)
2019-04-17T13:46:59 <info> You're using a full whitelist configuration to allow for all IPs (/home/pi/MagicMirror/js/server.js:26 new Server)
2019-04-17T13:46:59 <log> Server started ... (/home/pi/MagicMirror/js/app.js:219 )
2019-04-17T13:46:59 <log> Connecting socket for: MMM-Logging (/home/pi/MagicMirror/modules/node_modules/node_helper/index.js:97 Class.setSocketIO)
2019-04-17T13:46:59 <log> Module helper started for MMM-Logging (/home/pi/MagicMirror/modules/MMM-Logging/node_helper.js:19 Class.start)
2019-04-17T13:46:59 <log> Connecting socket for: updatenotification (/home/pi/MagicMirror/modules/node_modules/node_helper/index.js:97 Class.setSocketIO)
2019-04-17T13:46:59 <log> Connecting socket for: MMM-ChangeConfig (/home/pi/MagicMirror/modules/node_modules/node_helper/index.js:97 Class.setSocketIO)
2019-04-17T13:46:59 <log> Starting node helper for: MMM-ChangeConfig (/home/pi/MagicMirror/modules/MMM-ChangeConfig/node_helper.js:21 Class.start)
2019-04-17T13:46:59 <log> Connecting socket for: calendar (/home/pi/MagicMirror/modules/node_modules/node_helper/index.js:97 Class.setSocketIO)
2019-04-17T13:46:59 <log> Starting node helper for: calendar (/home/pi/MagicMirror/modules/default/calendar/node_helper.js:19 Class.start)
2019-04-17T13:46:59 <log> Connecting socket for: MMM-Remote-Control (/home/pi/MagicMirror/modules/node_modules/node_helper/index.js:97 Class.setSocketIO)
2019-04-17T13:46:59 <log> Starting node helper for: MMM-Remote-Control (/home/pi/MagicMirror/modules/MMM-Remote-Control/node_helper.js:36 Class.start)
2019-04-17T13:46:59 <log> Connecting socket for: MMM-temp-ds18b20 (/home/pi/MagicMirror/modules/node_modules/node_helper/index.js:97 Class.setSocketIO)
2019-04-17T13:46:59 <log> Connecting socket for: MMM-Strava (/home/pi/MagicMirror/modules/node_modules/node_helper/index.js:97 Class.setSocketIO)
2019-04-17T13:46:59 <log> Starting module: MMM-Strava (/home/pi/MagicMirror/modules/MMM-Strava/node_helper.js:17 Class.start)
2019-04-17T13:46:59 <log> Connecting socket for: MMM-fitbit (/home/pi/MagicMirror/modules/node_modules/node_helper/index.js:97 Class.setSocketIO)
2019-04-17T13:46:59 <log> Starting module helper: MMM-fitbit (/home/pi/MagicMirror/modules/node_modules/node_helper/index.js:23 Class.start)
2019-04-17T13:46:59 <log> Connecting socket for: MMM-GoogleFit (/home/pi/MagicMirror/modules/node_modules/node_helper/index.js:97 Class.setSocketIO)
2019-04-17T13:46:59 <log> MMM-GoogleFit helper started... (/home/pi/MagicMirror/modules/MMM-GoogleFit/node_helper.js:23 Class.start)
2019-04-17T13:46:59 <log> Connecting socket for: newsfeed (/home/pi/MagicMirror/modules/node_modules/node_helper/index.js:97 Class.setSocketIO)
2019-04-17T13:46:59 <log> Starting module: newsfeed (/home/pi/MagicMirror/modules/default/newsfeed/node_helper.js:15 Class.start)
2019-04-17T13:46:59 <log> Connecting socket for: MMM-Screencast (/home/pi/MagicMirror/modules/node_modules/node_helper/index.js:97 Class.setSocketIO)
2019-04-17T13:46:59 <log> Sockets connected & modules started ... (/home/pi/MagicMirror/js/app.js:228 )
2019-04-17T13:47:00 <log> Launching application. (/home/pi/MagicMirror/js/electron.js:82 App.<anonymous>)
[32m2019-04-17T13:47:06 <info> MMM-Logging updated config received, reloading console (/home/pi/MagicMirror/modules/MMM-Logging/node_helper.js:30 Class.socketNotificationReceived)[39m
2019-04-17T13:47:06 <log>  payload: undefined (/home/pi/MagicMirror/modules/MMM-Logging/node_helper.js:34 Class.socketNotificationReceived)
2019-04-17T13:47:06 <log>  payload: undefined (/home/pi/MagicMirror/modules/MMM-Logging/node_helper.js:34 Class.socketNotificationReceived)
2019-04-17T13:47:06 <log>  payload: undefined (/home/pi/MagicMirror/modules/MMM-Logging/node_helper.js:34 Class.socketNotificationReceived)
2019-04-17T13:47:06 <log> Create new calendar fetcher for url: https://calendar.google.com/calendar/ical/lorenzfleerackers%40gmail.com/private-804f140cdcb63b489288776dffab0456/basic.ics - Interval: 300000 (/home/pi/MagicMirror/modules/default/calendar/node_helper.js:49 Class.createFetcher)
2019-04-17T13:47:06 <log> MMM-Strava: Make request: /api/v3/athletes/40549928/stats (GET) (/home/pi/MagicMirror/modules/MMM-Strava/StravaAPI.js:29 makeRequest)
2019-04-17T13:47:06 <log> Set credential request recieved. (/home/pi/MagicMirror/modules/MMM-fitbit/node_helper.js:16 Class.socketNotificationReceived)
2019-04-17T13:47:06 <log> { client_id: '22DLQL',
  client_secret: '7ac664fc4fcf9e0158a79ab8280fbe3a' } (/home/pi/MagicMirror/modules/MMM-fitbit/node_helper.js:17 Class.socketNotificationReceived)
2019-04-17T13:47:06 <log> Initial run request recieved. (/home/pi/MagicMirror/modules/MMM-fitbit/node_helper.js:21 Class.socketNotificationReceived)
2019-04-17T13:47:06 <log> Running getData.py (/home/pi/MagicMirror/modules/MMM-fitbit/node_helper.js:42 Class.getData)
2019-04-17T13:47:06 <log> Create new news fetcher for url: http://www.nytimes.com/services/xml/rss/nyt/HomePage.xml - Interval: 300000 (/home/pi/MagicMirror/modules/default/newsfeed/node_helper.js:48 Class.createFetcher)
2019-04-17T13:47:06 <log> DIAL Server is running on PORT 8569 (/home/pi/MagicMirror/modules/MMM-Screencast/DialServer.js:105 Server.<anonymous>)
2019-04-17T13:47:06 <log>  payload: undefined (/home/pi/MagicMirror/modules/MMM-Logging/node_helper.js:34 Class.socketNotificationReceived)
2019-04-17T13:47:06 <log> results: [{"message":"credentials.ini exists","type":"status"},{"message":"Writing credentials to credentials.ini","type":"status"},{"message":"Writing id: 22DLQL and secret: 7ac664fc4fcf9e0158a79ab8280fbe3a","type":"status"},{"message":"Credentials write successful","type":"status"}] (/home/pi/MagicMirror/modules/MMM-fitbit/node_helper.js:35 )
2019-04-17T13:47:12 <log> MMM-Strava: Error performing request (401) (/home/pi/MagicMirror/modules/MMM-Strava/StravaAPI.js:49 IncomingMessage.<anonymous>)
2019-04-17T13:47:12 <log> MMM-Strava: Authorization Error: access_token invalid for Athlete (/home/pi/MagicMirror/modules/MMM-Strava/StravaAPI.js:53 IncomingMessage.<anonymous>)
2019-04-17T13:47:12 <log> MMM-Strava: Error while fetching new athlete stats. (/home/pi/MagicMirror/modules/MMM-Strava/StravaAPI.js:113 Object.callback)
2019-04-17T13:47:13 <log> Finished getting data (/home/pi/MagicMirror/modules/MMM-fitbit/node_helper.js:54 PythonShell._endCallback)

> magicmirror@2.6.0 start /home/pi/MagicMirror
> sh run-start.sh

Starting MagicMirror: v2.6.0
Loading config ...
Loading module helpers ...
2019-04-17T16:13:29 <log> Initializing new module helper ... (/home/pi/MagicMirror/modules/node_modules/node_helper/index.js:14 Class.init)
2019-04-17T16:13:29 <log> Module helper loaded: MMM-Logging (/home/pi/MagicMirror/modules/node_modules/node_helper/index.js:18 Class.loaded)
2019-04-17T16:13:29 <log> No helper found for module: alert. (/home/pi/MagicMirror/js/app.js:122 loadModule)
2019-04-17T16:13:29 <log> Initializing new module helper ... (/home/pi/MagicMirror/modules/node_modules/node_helper/index.js:14 Class.init)
2019-04-17T16:13:29 <log> Module helper loaded: updatenotification (/home/pi/MagicMirror/modules/node_modules/node_helper/index.js:18 Class.loaded)
2019-04-17T16:13:29 <log> No helper found for module: clock. (/home/pi/MagicMirror/js/app.js:122 loadModule)
2019-04-17T16:13:29 <log> Initializing new module helper ... (/home/pi/MagicMirror/modules/node_modules/node_helper/index.js:14 Class.init)
2019-04-17T16:13:29 <log> Module helper loaded: MMM-ChangeConfig (/home/pi/MagicMirror/modules/node_modules/node_helper/index.js:18 Class.loaded)
2019-04-17T16:13:30 <log> Initializing new module helper ... (/home/pi/MagicMirror/modules/node_modules/node_helper/index.js:14 Class.init)
2019-04-17T16:13:30 <log> Module helper loaded: calendar (/home/pi/MagicMirror/modules/node_modules/node_helper/index.js:18 Class.loaded)
2019-04-17T16:13:30 <log> Initializing new module helper ... (/home/pi/MagicMirror/modules/node_modules/node_helper/index.js:14 Class.init)
2019-04-17T16:13:30 <log> Module helper loaded: MMM-Remote-Control (/home/pi/MagicMirror/modules/node_modules/node_helper/index.js:18 Class.loaded)
2019-04-17T16:13:30 <log> No helper found for module: compliments. (/home/pi/MagicMirror/js/app.js:122 loadModule)
2019-04-17T16:13:30 <log> No helper found for module: currentweather. (/home/pi/MagicMirror/js/app.js:122 loadModule)
2019-04-17T16:13:30 <log> Initializing new module helper ... (/home/pi/MagicMirror/modules/node_modules/node_helper/index.js:14 Class.init)
2019-04-17T16:13:30 <log> Module helper loaded: MMM-temp-ds18b20 (/home/pi/MagicMirror/modules/node_modules/node_helper/index.js:18 Class.loaded)
2019-04-17T16:13:30 <log> No helper found for module: MMM-ProfileSwitcher. (/home/pi/MagicMirror/js/app.js:122 loadModule)
2019-04-17T16:13:30 <log> No helper found for module: MMM-Dynamic-Modules. (/home/pi/MagicMirror/js/app.js:122 loadModule)
2019-04-17T16:13:30 <log> Initializing new module helper ... (/home/pi/MagicMirror/modules/node_modules/node_helper/index.js:14 Class.init)
2019-04-17T16:13:30 <log> Module helper loaded: MMM-Strava (/home/pi/MagicMirror/modules/node_modules/node_helper/index.js:18 Class.loaded)
2019-04-17T16:13:30 <log> Initializing new module helper ... (/home/pi/MagicMirror/modules/node_modules/node_helper/index.js:14 Class.init)
2019-04-17T16:13:30 <log> Module helper loaded: MMM-fitbit (/home/pi/MagicMirror/modules/node_modules/node_helper/index.js:18 Class.loaded)
2019-04-17T16:13:30 <log> Initializing new module helper ... (/home/pi/MagicMirror/modules/node_modules/node_helper/index.js:14 Class.init)
2019-04-17T16:13:30 <log> Module helper loaded: MMM-GoogleFit (/home/pi/MagicMirror/modules/node_modules/node_helper/index.js:18 Class.loaded)
2019-04-17T16:13:30 <log> Initializing new module helper ... (/home/pi/MagicMirror/modules/node_modules/node_helper/index.js:14 Class.init)
2019-04-17T16:13:30 <log> Module helper loaded: newsfeed (/home/pi/MagicMirror/modules/node_modules/node_helper/index.js:18 Class.loaded)
2019-04-17T16:13:31 <log> Initializing new module helper ... (/home/pi/MagicMirror/modules/node_modules/node_helper/index.js:14 Class.init)
2019-04-17T16:13:31 <log> Module helper loaded: MMM-Screencast (/home/pi/MagicMirror/modules/node_modules/node_helper/index.js:18 Class.loaded)
2019-04-17T16:13:31 <log> All module helpers loaded. (/home/pi/MagicMirror/js/app.js:166 loadNextModule)
2019-04-17T16:13:31 <info> Starting server on port 8080 ...  (/home/pi/MagicMirror/js/server.js:24 new Server)
2019-04-17T16:13:31 <info> You're using a full whitelist configuration to allow for all IPs (/home/pi/MagicMirror/js/server.js:27 new Server)
2019-04-17T16:13:31 <log> Server started ... (/home/pi/MagicMirror/js/app.js:219 )
2019-04-17T16:13:31 <log> Connecting socket for: MMM-Logging (/home/pi/MagicMirror/modules/node_modules/node_helper/index.js:97 Class.setSocketIO)
2019-04-17T16:13:31 <log> Module helper started for MMM-Logging (/home/pi/MagicMirror/modules/MMM-Logging/node_helper.js:19 Class.start)
2019-04-17T16:13:31 <log> Connecting socket for: updatenotification (/home/pi/MagicMirror/modules/node_modules/node_helper/index.js:97 Class.setSocketIO)
2019-04-17T16:13:31 <log> Connecting socket for: MMM-ChangeConfig (/home/pi/MagicMirror/modules/node_modules/node_helper/index.js:97 Class.setSocketIO)
2019-04-17T16:13:31 <log> Starting node helper for: MMM-ChangeConfig (/home/pi/MagicMirror/modules/MMM-ChangeConfig/node_helper.js:20 Class.start)
2019-04-17T16:13:31 <log> Connecting socket for: calendar (/home/pi/MagicMirror/modules/node_modules/node_helper/index.js:97 Class.setSocketIO)
2019-04-17T16:13:31 <log> Starting node helper for: calendar (/home/pi/MagicMirror/modules/default/calendar/node_helper.js:19 Class.start)
2019-04-17T16:13:31 <log> Connecting socket for: MMM-Remote-Control (/home/pi/MagicMirror/modules/node_modules/node_helper/index.js:97 Class.setSocketIO)
2019-04-17T16:13:31 <log> Starting node helper for: MMM-Remote-Control (/home/pi/MagicMirror/modules/MMM-Remote-Control/node_helper.js:36 Class.start)
2019-04-17T16:13:32 <log> Connecting socket for: MMM-temp-ds18b20 (/home/pi/MagicMirror/modules/node_modules/node_helper/index.js:97 Class.setSocketIO)
2019-04-17T16:13:32 <log> Connecting socket for: MMM-Strava (/home/pi/MagicMirror/modules/node_modules/node_helper/index.js:97 Class.setSocketIO)
2019-04-17T16:13:32 <log> Starting module: MMM-Strava (/home/pi/MagicMirror/modules/MMM-Strava/node_helper.js:17 Class.start)
2019-04-17T16:13:32 <log> Connecting socket for: MMM-fitbit (/home/pi/MagicMirror/modules/node_modules/node_helper/index.js:97 Class.setSocketIO)
2019-04-17T16:13:32 <log> Starting module helper: MMM-fitbit (/home/pi/MagicMirror/modules/node_modules/node_helper/index.js:23 Class.start)
2019-04-17T16:13:32 <log> Connecting socket for: MMM-GoogleFit (/home/pi/MagicMirror/modules/node_modules/node_helper/index.js:97 Class.setSocketIO)
2019-04-17T16:13:32 <log> MMM-GoogleFit helper started... (/home/pi/MagicMirror/modules/MMM-GoogleFit/node_helper.js:23 Class.start)
2019-04-17T16:13:32 <log> Connecting socket for: newsfeed (/home/pi/MagicMirror/modules/node_modules/node_helper/index.js:97 Class.setSocketIO)
2019-04-17T16:13:32 <log> Starting module: newsfeed (/home/pi/MagicMirror/modules/default/newsfeed/node_helper.js:15 Class.start)
2019-04-17T16:13:32 <log> Connecting socket for: MMM-Screencast (/home/pi/MagicMirror/modules/node_modules/node_helper/index.js:97 Class.setSocketIO)
2019-04-17T16:13:32 <log> Sockets connected & modules started ... (/home/pi/MagicMirror/js/app.js:228 )
2019-04-17T16:13:32 <log> Launching application. (/home/pi/MagicMirror/js/electron.js:82 App.<anonymous>)
2019-04-17T16:13:38 <log>  payload: undefined (/home/pi/MagicMirror/modules/MMM-Logging/node_helper.js:33 Class.socketNotificationReceived)
2019-04-17T16:13:38 <log>  payload: undefined (/home/pi/MagicMirror/modules/MMM-Logging/node_helper.js:33 Class.socketNotificationReceived)
2019-04-17T16:13:38 <log>  payload: undefined (/home/pi/MagicMirror/modules/MMM-Logging/node_helper.js:33 Class.socketNotificationReceived)
2019-04-17T16:13:38 <log> Create new calendar fetcher for url: https://calendar.google.com/calendar/ical/lorenzfleerackers%40gmail.com/private-804f140cdcb63b489288776dffab0456/basic.ics - Interval: 300000 (/home/pi/MagicMirror/modules/default/calendar/node_helper.js:49 Class.createFetcher)
2019-04-17T16:13:38 <log> MMM-Strava: Make request: /api/v3/athletes/40549928/stats (GET) (/home/pi/MagicMirror/modules/MMM-Strava/StravaAPI.js:29 makeRequest)
2019-04-17T16:13:38 <log> Set credential request recieved. (/home/pi/MagicMirror/modules/MMM-fitbit/node_helper.js:16 Class.socketNotificationReceived)
2019-04-17T16:13:38 <log> { client_id: '22DLQL',
  client_secret: '7ac664fc4fcf9e0158a79ab8280fbe3a' } (/home/pi/MagicMirror/modules/MMM-fitbit/node_helper.js:17 Class.socketNotificationReceived)
2019-04-17T16:13:38 <log> Initial run request recieved. (/home/pi/MagicMirror/modules/MMM-fitbit/node_helper.js:21 Class.socketNotificationReceived)
2019-04-17T16:13:38 <log> Running getData.py (/home/pi/MagicMirror/modules/MMM-fitbit/node_helper.js:42 Class.getData)
2019-04-17T16:13:39 <log> Create new news fetcher for url: http://www.nytimes.com/services/xml/rss/nyt/HomePage.xml - Interval: 300000 (/home/pi/MagicMirror/modules/default/newsfeed/node_helper.js:48 Class.createFetcher)
2019-04-17T16:13:39 <log> DIAL Server is running on PORT 8569 (/home/pi/MagicMirror/modules/MMM-Screencast/DialServer.js:105 Server.<anonymous>)
2019-04-18T16:13:39 <log>  payload: undefined (/home/pi/MagicMirror/modules/MMM-Logging/node_helper.js:33 Class.socketNotificationReceived)
2019-04-18T16:13:39 <log> results: [{"message":"credentials.ini exists","type":"status"},{"message":"Writing credentials to credentials.ini","type":"status"},{"message":"Writing id: 22DLQL and secret: 7ac664fc4fcf9e0158a79ab8280fbe3a","type":"status"},{"message":"Credentials write successful","type":"status"}] (/home/pi/MagicMirror/modules/MMM-fitbit/node_helper.js:35 )
2019-04-18T16:13:41 <log> MMM-Strava: Error performing request (401) (/home/pi/MagicMirror/modules/MMM-Strava/StravaAPI.js:49 IncomingMessage.<anonymous>)
2019-04-18T16:13:41 <log> MMM-Strava: Authorization Error: access_token invalid for Athlete (/home/pi/MagicMirror/modules/MMM-Strava/StravaAPI.js:53 IncomingMessage.<anonymous>)
2019-04-18T16:13:41 <log> MMM-Strava: Error while fetching new athlete stats. (/home/pi/MagicMirror/modules/MMM-Strava/StravaAPI.js:113 Object.callback)
2019-04-18T16:13:42 <log> Finished getting data (/home/pi/MagicMirror/modules/MMM-fitbit/node_helper.js:54 PythonShell._endCallback)
{"time":"2019-04-17T14:13:52.523Z","lvl":"INFO","msg":"Request from 192.168.1.1: GET /api/profiles"}
{"time":"2019-04-17T14:13:52.536Z","lvl":"INFO","msg":"Response with status 304 in 15 ms."}
{"time":"2019-04-17T14:13:52.545Z","lvl":"INFO","msg":"Request from 192.168.1.1: GET /api/modules/profiles"}
{"time":"2019-04-17T14:13:52.550Z","lvl":"INFO","msg":"Response with status 304 in 5 ms."}
{"time":"2019-04-17T14:13:56.086Z","lvl":"INFO","msg":"Request from 192.168.1.1: GET /api/brightness"}
{"time":"2019-04-17T14:13:56.102Z","lvl":"INFO","msg":"Request from 192.168.1.1: GET /api/modules"}
{"time":"2019-04-17T14:13:56.119Z","lvl":"INFO","msg":"Response with status 304 in 33 ms."}
{"time":"2019-04-17T14:13:56.122Z","lvl":"INFO","msg":"Response with status 200 in 20 ms."}
{"time":"2019-04-17T14:13:57.159Z","lvl":"INFO","msg":"Request from 192.168.1.1: GET /api/setPosition/default/"}
{"time":"2019-04-17T14:13:57.181Z","lvl":"INFO","msg":"Response with status 304 in 22 ms."}
{"time":"2019-04-17T14:13:57.190Z","lvl":"INFO","msg":"Request from 192.168.1.1: GET /api/modules"}
2019-04-17T16:13:57 <log>  payload: undefined (/home/pi/MagicMirror/modules/MMM-Logging/node_helper.js:33 Class.socketNotificationReceived)
{"time":"2019-04-17T14:13:57.239Z","lvl":"INFO","msg":"Response with status 200 in 49 ms."}
{"time":"2019-04-17T14:13:59.313Z","lvl":"INFO","msg":"Request from 192.168.1.1: GET /api/profiles"}
{"time":"2019-04-17T14:13:59.317Z","lvl":"INFO","msg":"Response with status 304 in 3 ms."}
{"time":"2019-04-17T14:13:59.325Z","lvl":"INFO","msg":"Request from 192.168.1.1: GET /api/modules/profiles"}
{"time":"2019-04-17T14:13:59.327Z","lvl":"INFO","msg":"Response with status 304 in 2 ms."}

> magicmirror@2.6.0 start /home/pi/MagicMirror
> sh run-start.sh

Starting MagicMirror: v2.6.0
Loading config ...
Loading module helpers ...
2019-04-18T09:25:16 <log> Initializing new module helper ... (/home/pi/MagicMirror/modules/node_modules/node_helper/index.js:14 Class.init)
2019-04-18T09:25:16 <log> Module helper loaded: MMM-Logging (/home/pi/MagicMirror/modules/node_modules/node_helper/index.js:18 Class.loaded)
2019-04-18T09:25:16 <log> No helper found for module: alert. (/home/pi/MagicMirror/js/app.js:122 loadModule)
2019-04-18T09:25:16 <log> Initializing new module helper ... (/home/pi/MagicMirror/modules/node_modules/node_helper/index.js:14 Class.init)
2019-04-18T09:25:16 <log> Module helper loaded: updatenotification (/home/pi/MagicMirror/modules/node_modules/node_helper/index.js:18 Class.loaded)
2019-04-18T09:25:16 <log> No helper found for module: clock. (/home/pi/MagicMirror/js/app.js:122 loadModule)
2019-04-18T09:25:16 <log> Initializing new module helper ... (/home/pi/MagicMirror/modules/node_modules/node_helper/index.js:14 Class.init)
2019-04-18T09:25:16 <log> Module helper loaded: MMM-ChangeConfig (/home/pi/MagicMirror/modules/node_modules/node_helper/index.js:18 Class.loaded)
2019-04-18T09:25:17 <log> Initializing new module helper ... (/home/pi/MagicMirror/modules/node_modules/node_helper/index.js:14 Class.init)
2019-04-18T09:25:17 <log> Module helper loaded: calendar (/home/pi/MagicMirror/modules/node_modules/node_helper/index.js:18 Class.loaded)
2019-04-18T09:25:17 <log> Initializing new module helper ... (/home/pi/MagicMirror/modules/node_modules/node_helper/index.js:14 Class.init)
2019-04-18T09:25:17 <log> Module helper loaded: MMM-Remote-Control (/home/pi/MagicMirror/modules/node_modules/node_helper/index.js:18 Class.loaded)
2019-04-18T09:25:17 <log> No helper found for module: compliments. (/home/pi/MagicMirror/js/app.js:122 loadModule)
2019-04-18T09:25:17 <log> No helper found for module: currentweather. (/home/pi/MagicMirror/js/app.js:122 loadModule)
2019-04-18T09:25:17 <log> Initializing new module helper ... (/home/pi/MagicMirror/modules/node_modules/node_helper/index.js:14 Class.init)
2019-04-18T09:25:17 <log> Module helper loaded: MMM-temp-ds18b20 (/home/pi/MagicMirror/modules/node_modules/node_helper/index.js:18 Class.loaded)
2019-04-18T09:25:17 <log> No helper found for module: MMM-ProfileSwitcher. (/home/pi/MagicMirror/js/app.js:122 loadModule)
2019-04-18T09:25:17 <log> No helper found for module: MMM-Dynamic-Modules. (/home/pi/MagicMirror/js/app.js:122 loadModule)
2019-04-18T09:25:17 <log> Initializing new module helper ... (/home/pi/MagicMirror/modules/node_modules/node_helper/index.js:14 Class.init)
2019-04-18T09:25:17 <log> Module helper loaded: MMM-Strava (/home/pi/MagicMirror/modules/node_modules/node_helper/index.js:18 Class.loaded)
2019-04-18T09:25:17 <log> Initializing new module helper ... (/home/pi/MagicMirror/modules/node_modules/node_helper/index.js:14 Class.init)
2019-04-18T09:25:17 <log> Module helper loaded: MMM-fitbit (/home/pi/MagicMirror/modules/node_modules/node_helper/index.js:18 Class.loaded)
2019-04-18T09:25:17 <log> Initializing new module helper ... (/home/pi/MagicMirror/modules/node_modules/node_helper/index.js:14 Class.init)
2019-04-18T09:25:17 <log> Module helper loaded: MMM-GoogleFit (/home/pi/MagicMirror/modules/node_modules/node_helper/index.js:18 Class.loaded)
2019-04-18T09:25:17 <log> Initializing new module helper ... (/home/pi/MagicMirror/modules/node_modules/node_helper/index.js:14 Class.init)
2019-04-18T09:25:17 <log> Module helper loaded: newsfeed (/home/pi/MagicMirror/modules/node_modules/node_helper/index.js:18 Class.loaded)
2019-04-18T09:25:18 <log> Initializing new module helper ... (/home/pi/MagicMirror/modules/node_modules/node_helper/index.js:14 Class.init)
2019-04-18T09:25:18 <log> Module helper loaded: MMM-Screencast (/home/pi/MagicMirror/modules/node_modules/node_helper/index.js:18 Class.loaded)
2019-04-18T09:25:18 <log> All module helpers loaded. (/home/pi/MagicMirror/js/app.js:166 loadNextModule)
2019-04-18T09:25:18 <info> Starting server on port 8080 ...  (/home/pi/MagicMirror/js/server.js:24 new Server)
2019-04-18T09:25:18 <info> You're using a full whitelist configuration to allow for all IPs (/home/pi/MagicMirror/js/server.js:27 new Server)
2019-04-18T09:25:18 <log> Server started ... (/home/pi/MagicMirror/js/app.js:219 )
2019-04-18T09:25:18 <log> Connecting socket for: MMM-Logging (/home/pi/MagicMirror/modules/node_modules/node_helper/index.js:97 Class.setSocketIO)
2019-04-18T09:25:18 <log> Module helper started for MMM-Logging (/home/pi/MagicMirror/modules/MMM-Logging/node_helper.js:19 Class.start)
2019-04-18T09:25:18 <log> Connecting socket for: updatenotification (/home/pi/MagicMirror/modules/node_modules/node_helper/index.js:97 Class.setSocketIO)
2019-04-18T09:25:18 <log> Connecting socket for: MMM-ChangeConfig (/home/pi/MagicMirror/modules/node_modules/node_helper/index.js:97 Class.setSocketIO)
2019-04-18T09:25:18 <log> Starting node helper for: MMM-ChangeConfig (/home/pi/MagicMirror/modules/MMM-ChangeConfig/node_helper.js:20 Class.start)
2019-04-18T09:25:18 <log> Connecting socket for: calendar (/home/pi/MagicMirror/modules/node_modules/node_helper/index.js:97 Class.setSocketIO)
2019-04-18T09:25:18 <log> Starting node helper for: calendar (/home/pi/MagicMirror/modules/default/calendar/node_helper.js:19 Class.start)
2019-04-18T09:25:18 <log> Connecting socket for: MMM-Remote-Control (/home/pi/MagicMirror/modules/node_modules/node_helper/index.js:97 Class.setSocketIO)
2019-04-18T09:25:18 <log> Starting node helper for: MMM-Remote-Control (/home/pi/MagicMirror/modules/MMM-Remote-Control/node_helper.js:36 Class.start)
2019-04-18T09:25:19 <log> Connecting socket for: MMM-temp-ds18b20 (/home/pi/MagicMirror/modules/node_modules/node_helper/index.js:97 Class.setSocketIO)
2019-04-18T09:25:19 <log> Connecting socket for: MMM-Strava (/home/pi/MagicMirror/modules/node_modules/node_helper/index.js:97 Class.setSocketIO)
2019-04-18T09:25:19 <log> Starting module: MMM-Strava (/home/pi/MagicMirror/modules/MMM-Strava/node_helper.js:17 Class.start)
2019-04-18T09:25:19 <log> Connecting socket for: MMM-fitbit (/home/pi/MagicMirror/modules/node_modules/node_helper/index.js:97 Class.setSocketIO)
2019-04-18T09:25:19 <log> Starting module helper: MMM-fitbit (/home/pi/MagicMirror/modules/node_modules/node_helper/index.js:23 Class.start)
2019-04-18T09:25:19 <log> Connecting socket for: MMM-GoogleFit (/home/pi/MagicMirror/modules/node_modules/node_helper/index.js:97 Class.setSocketIO)
2019-04-18T09:25:19 <log> MMM-GoogleFit helper started... (/home/pi/MagicMirror/modules/MMM-GoogleFit/node_helper.js:23 Class.start)
2019-04-18T09:25:19 <log> Connecting socket for: newsfeed (/home/pi/MagicMirror/modules/node_modules/node_helper/index.js:97 Class.setSocketIO)
2019-04-18T09:25:19 <log> Starting module: newsfeed (/home/pi/MagicMirror/modules/default/newsfeed/node_helper.js:15 Class.start)
2019-04-18T09:25:19 <log> Connecting socket for: MMM-Screencast (/home/pi/MagicMirror/modules/node_modules/node_helper/index.js:97 Class.setSocketIO)
2019-04-18T09:25:19 <log> Sockets connected & modules started ... (/home/pi/MagicMirror/js/app.js:228 )
2019-04-18T09:25:19 <log> Launching application. (/home/pi/MagicMirror/js/electron.js:82 App.<anonymous>)
{"time":"2019-04-18T07:25:53.940Z","lvl":"INFO","msg":"Request from 192.168.1.1: GET /api/profiles"}
{"time":"2019-04-18T07:25:53.952Z","lvl":"INFO","msg":"Response with status 304 in 15 ms."}
{"time":"2019-04-18T07:25:53.966Z","lvl":"INFO","msg":"Request from 192.168.1.1: GET /api/modules/profiles"}
{"time":"2019-04-18T07:25:53.971Z","lvl":"INFO","msg":"Response with status 304 in 6 ms."}
{"time":"2019-04-18T07:25:55.244Z","lvl":"INFO","msg":"Request from 192.168.1.1: GET /api/notification/CURRENT_PROFILE/default"}
{"time":"2019-04-18T07:25:55.263Z","lvl":"INFO","msg":"Response with status 304 in 19 ms."}
{"time":"2019-04-18T07:25:55.273Z","lvl":"INFO","msg":"Request from 192.168.1.1: GET /api/modules/all/SHOW"}
2019-04-18T09:25:55 <log> Not initialized, have you opened or refreshed your browser since the last time you started MagicMirror? (/home/pi/MagicMirror/modules/MMM-Remote-Control/node_helper.js:539 Class.sendResponse)
{"time":"2019-04-18T07:25:55.283Z","lvl":"INFO","msg":"Response with status 400 in 10 ms."}
